<?xml version="1.0" encoding="UTF-8"?>
<!-- Generated by org.testng.reporters.JUnitXMLReporter -->
<testsuite ignored="0" hostname="U-GauravM" failures="1" tests="1" name="LogInTests" time="24.09" errors="0" timestamp="2024-02-12T20:09:15 IST">
  <testcase classname="com.softwaretestingboard.magento.LogInTests" name="positiveLogInTest" time="16.436">
    <failure type="java.lang.AssertionError" message="Login was not successful! expected [true] but found [false]">
      <![CDATA[java.lang.AssertionError: Login was not successful! expected [true] but found [false]
at com.softwaretestingboard.magento.LogInTests.positiveLogInTest(LogInTests.java:61)
at java.base/java.util.ArrayList.forEach(ArrayList.java:1541)
... Removed 30 stack frames]]>
    </failure>
  </testcase> <!-- positiveLogInTest -->
</testsuite> <!-- LogInTests -->
