<?xml version="1.0" encoding="UTF-8"?>
<!-- Generated by org.testng.reporters.JUnitXMLReporter -->
<testsuite ignored="8" hostname="U-GauravM" failures="0" tests="2" name="AllTests" time="50.927" errors="0" timestamp="2024-02-23T20:16:10 IST">
  <testcase classname="com.softwaretestingboard.magento.SignUpTests" name="negativeSignUpTest" time="18.7"/>
  <testcase classname="com.softwaretestingboard.magento.LogInTests" name="negativeLogInTest" time="16.665"/>
  <testcase classname="com.softwaretestingboard.magento.MultipleCheckoutTests" name="positiveMultipleCheckoutTest" time="0.0">
    <ignored/>
  </testcase> <!-- positiveMultipleCheckoutTest -->
  <testcase classname="com.softwaretestingboard.magento.OrderVerifyTests" name="positiveOrderVerifyTest" time="0.0">
    <ignored/>
  </testcase> <!-- positiveOrderVerifyTest -->
  <testcase classname="com.softwaretestingboard.magento.SignUpTests" name="positiveSignUpTest" time="0.0">
    <ignored/>
  </testcase> <!-- positiveSignUpTest -->
  <testcase classname="com.softwaretestingboard.magento.CheckoutTests" name="positiveCheckoutTest" time="0.0">
    <ignored/>
  </testcase> <!-- positiveCheckoutTest -->
  <testcase classname="com.softwaretestingboard.magento.EditWishlistTests" name="positiveEditWishlistTest" time="0.0">
    <ignored/>
  </testcase> <!-- positiveEditWishlistTest -->
  <testcase classname="com.softwaretestingboard.magento.CompareListTests" name="positiveCompareListTest" time="0.0">
    <ignored/>
  </testcase> <!-- positiveCompareListTest -->
  <testcase classname="com.softwaretestingboard.magento.LogInTests" name="positiveLogInTest" time="0.0">
    <ignored/>
  </testcase> <!-- positiveLogInTest -->
  <testcase classname="com.softwaretestingboard.magento.WishlistTests" name="positiveWishlistTest" time="0.0">
    <ignored/>
  </testcase> <!-- positiveWishlistTest -->
</testsuite> <!-- AllTests -->
