<?xml version="1.0" encoding="UTF-8"?>
<testng-results ignored="0" total="2" passed="2" failed="0" skipped="0">
  <reporter-output>
  </reporter-output>
  <suite started-at="2024-02-23T20:15:19 IST" name="AllTestsSuite" finished-at="2024-02-23T20:16:10 IST" duration-ms="50927">
    <groups>
      <group name="negativeTests">
        <method signature="LogInTests.negativeLogInTest(java.lang.String,java.lang.String)[pri:1, instance:com.softwaretestingboard.magento.LogInTests@4d5d943d]" name="negativeLogInTest" class="com.softwaretestingboard.magento.LogInTests"/>
        <method signature="SignUpTests.negativeSignUpTest(java.lang.String,java.lang.String,java.lang.String,java.lang.String,java.lang.String)[pri:2, instance:com.softwaretestingboard.magento.SignUpTests@6069db50]" name="negativeSignUpTest" class="com.softwaretestingboard.magento.SignUpTests"/>
      </group> <!-- negativeTests -->
    </groups>
    <test started-at="2024-02-23T20:15:19 IST" name="AllTests" finished-at="2024-02-23T20:16:10 IST" duration-ms="50927">
      <class name="com.softwaretestingboard.magento.LogInTests">
        <test-method is-config="true" signature="setUp(java.lang.String)[pri:0, instance:com.softwaretestingboard.magento.LogInTests@4d5d943d]" started-at="2024-02-23T20:15:44 IST" name="setUp" finished-at="2024-02-23T20:15:53 IST" duration-ms="9182" status="PASS">
          <params>
            <param index="0">
              <value>
                <![CDATA[chrome]]>
              </value>
            </param>
          </params>
          <reporter-output>
          </reporter-output>
        </test-method> <!-- setUp -->
        <test-method signature="negativeLogInTest(java.lang.String,java.lang.String)[pri:1, instance:com.softwaretestingboard.magento.LogInTests@4d5d943d]" started-at="2024-02-23T20:15:53 IST" name="negativeLogInTest" finished-at="2024-02-23T20:16:10 IST" duration-ms="16665" status="PASS">
          <params>
            <param index="0">
              <value>
                <![CDATA[fibrugadamou-8812@yopmail.com]]>
              </value>
            </param>
            <param index="1">
              <value>
                <![CDATA[hello@123]]>
              </value>
            </param>
          </params>
          <reporter-output>
          </reporter-output>
        </test-method> <!-- negativeLogInTest -->
        <test-method is-config="true" signature="tearDown()[pri:0, instance:com.softwaretestingboard.magento.LogInTests@4d5d943d]" started-at="2024-02-23T20:16:10 IST" name="tearDown" finished-at="2024-02-23T20:16:10 IST" duration-ms="106" status="PASS">
          <reporter-output>
          </reporter-output>
        </test-method> <!-- tearDown -->
      </class> <!-- com.softwaretestingboard.magento.LogInTests -->
      <class name="com.softwaretestingboard.magento.SignUpTests">
        <test-method is-config="true" signature="setUp(java.lang.String)[pri:0, instance:com.softwaretestingboard.magento.SignUpTests@6069db50]" started-at="2024-02-23T20:15:19 IST" name="setUp" finished-at="2024-02-23T20:15:25 IST" duration-ms="6132" status="PASS">
          <params>
            <param index="0">
              <value>
                <![CDATA[chrome]]>
              </value>
            </param>
          </params>
          <reporter-output>
          </reporter-output>
        </test-method> <!-- setUp -->
        <test-method signature="negativeSignUpTest(java.lang.String,java.lang.String,java.lang.String,java.lang.String,java.lang.String)[pri:2, instance:com.softwaretestingboard.magento.SignUpTests@6069db50]" started-at="2024-02-23T20:15:25 IST" name="negativeSignUpTest" finished-at="2024-02-23T20:15:44 IST" duration-ms="18700" status="PASS">
          <params>
            <param index="0">
              <value>
                <![CDATA[andrea2]]>
              </value>
            </param>
            <param index="1">
              <value>
                <![CDATA[pirlo2]]>
              </value>
            </param>
            <param index="2">
              <value>
                <![CDATA[fibrugadamou-8812@yopmail.com]]>
              </value>
            </param>
            <param index="3">
              <value>
                <![CDATA[hello@123]]>
              </value>
            </param>
            <param index="4">
              <value>
                <![CDATA[hello@123]]>
              </value>
            </param>
          </params>
          <reporter-output>
          </reporter-output>
        </test-method> <!-- negativeSignUpTest -->
        <test-method is-config="true" signature="tearDown()[pri:0, instance:com.softwaretestingboard.magento.SignUpTests@6069db50]" started-at="2024-02-23T20:15:44 IST" name="tearDown" finished-at="2024-02-23T20:15:44 IST" duration-ms="108" status="PASS">
          <reporter-output>
          </reporter-output>
        </test-method> <!-- tearDown -->
      </class> <!-- com.softwaretestingboard.magento.SignUpTests -->
    </test> <!-- AllTests -->
  </suite> <!-- AllTestsSuite -->
</testng-results>
