<?xml version="1.0" encoding="UTF-8"?>
<!-- Generated by org.testng.reporters.JUnitXMLReporter -->
<testsuite ignored="1" hostname="U-GauravM" failures="0" tests="1" name="SignUpTests" time="26.468" errors="0" timestamp="2024-02-23T19:59:16 IST">
  <testcase classname="com.softwaretestingboard.magento.SignUpTests" name="negativeSignUpTest" time="18.873"/>
  <testcase classname="com.softwaretestingboard.magento.SignUpTests" name="positiveSignUpTest" time="0.0">
    <ignored/>
  </testcase> <!-- positiveSignUpTest -->
</testsuite> <!-- SignUpTests -->
